PRT1
104
395
4 0 2 (1024 1024 -407.500000 ) (1024 1024 663.500000 ) (1024 1434.320068 663.500000 ) (1024 1434.320068 -407.500000 ) 
4 0 1 (1599.699951 1024 663.500000 ) (1024 1024 663.500000 ) (1024 1024 -407.500000 ) (1599.699951 1024 -407.500000 ) 
4 1 81 (1599.699951 0 663.500000 ) (1024 0 663.500000 ) (1024 0 -407.500000 ) (1599.699951 0 -407.500000 ) 
4 1 68 (1024 0 -407.500000 ) (1024 0 -261.500000 ) (1024 1024 -261.500000 ) (1024 1024 -407.500000 ) 
4 1 63 (1024 0 -261.500000 ) (1024 0 -253.500000 ) (1024 1024 -253.500000 ) (1024 1024 -261.500000 ) 
4 1 59 (1024 0 -253.500000 ) (1024 0 -221.500000 ) (1024 112 -221.500000 ) (1024 112 -253.500000 ) 
4 1 56 (1024 112 -221.500000 ) (1024 368 -221.500000 ) (1024 368 -253.500000 ) (1024 112 -253.500000 ) 
4 1 51 (1024 368 -221.500000 ) (1024 1024 -221.500000 ) (1024 1024 -253.500000 ) (1024 368 -253.500000 ) 
4 1 30 (1024 0 -221.500000 ) (1024 0 -93.500000 ) (1024 59.366100 -93.500000 ) (1024 59.366100 -221.500000 ) 
4 1 27 (1024 112 -93.500000 ) (1024 332 -93.500000 ) (1024 332 -221.500000 ) (1024 112 -221.500000 ) 
4 1 29 (1024 59.366100 -93.500000 ) (1024 112 -93.500000 ) (1024 112 -221.500000 ) (1024 59.366100 -221.500000 ) 
4 1 16 (1024 332 -93.500000 ) (1024 368 -93.500000 ) (1024 368 -221.500000 ) (1024 332 -221.500000 ) 
4 1 15 (1024 368 -93.500000 ) (1024 1024 -93.500000 ) (1024 1024 -221.500000 ) (1024 368 -221.500000 ) 
4 1 5 (1024 0 -93.500000 ) (1024 0 663.500000 ) (1024 448 663.500000 ) (1024 448 -93.500000 ) 
4 1 4 (1024 448 663.500000 ) (1024 1024 663.500000 ) (1024 1024 -93.500000 ) (1024 448 -93.500000 ) 
4 2 79 (0 1024 -261.500000 ) (0 1024 -407.500000 ) (304 1024 -407.500000 ) (304 1024 -261.500000 ) 
4 2 76 (160 1024 -221.500000 ) (96 1024 -221.500000 ) (96 1024 -261.500000 ) (160 1024 -261.500000 ) 
4 2 75 (192 1024 -221.500000 ) (160 1024 -221.500000 ) (160 1024 -261.500000 ) (192 1024 -261.500000 ) 
4 2 78 (96 1024 -221.500000 ) (0 1024 -221.500000 ) (0 1024 -261.500000 ) (96 1024 -261.500000 ) 
4 2 73 (192 1024 -236.667023 ) (192 1024 -261.500000 ) (304 1024 -261.500000 ) (304 1024 -236.667023 ) 
4 2 70 (288 1024 -221.500000 ) (224 1024 -221.500000 ) (224 1024 -236.667023 ) (288 1024 -236.667023 ) 
4 2 69 (304 1024 -221.500000 ) (288 1024 -221.500000 ) (288 1024 -236.667023 ) (304 1024 -236.667023 ) 
4 2 72 (224 1024 -221.500000 ) (192 1024 -221.500000 ) (192 1024 -236.667023 ) (224 1024 -236.667023 ) 
4 2 68 (1024 1024 -407.500000 ) (1024 1024 -261.500000 ) (304 1024 -261.500000 ) (304 1024 -407.500000 ) 
4 2 65 (688 1024 -253.500000 ) (432 1024 -253.500000 ) (432 1024 -261.500000 ) (688 1024 -261.500000 ) 
4 2 67 (432 1024 -253.500000 ) (304 1024 -253.500000 ) (304 1024 -261.500000 ) (432 1024 -261.500000 ) 
4 2 64 (800 1024 -253.500000 ) (688 1024 -253.500000 ) (688 1024 -261.500000 ) (800 1024 -261.500000 ) 
4 2 63 (1024 1024 -261.500000 ) (1024 1024 -253.500000 ) (800 1024 -253.500000 ) (800 1024 -261.500000 ) 
4 2 52 (432 1024 -221.500000 ) (304 1024 -221.500000 ) (304 1024 -253.500000 ) (432 1024 -253.500000 ) 
4 2 51 (1024 1024 -253.500000 ) (1024 1024 -221.500000 ) (432 1024 -221.500000 ) (432 1024 -253.500000 ) 
4 2 36 (0 1024 403.333008 ) (0 1024 -221.500000 ) (304 1024 -221.500000 ) (304 1024 403.333008 ) 
4 2 35 (304 1024 663.500000 ) (0 1024 663.500000 ) (0 1024 403.333008 ) (304 1024 403.333008 ) 
4 2 15 (1024 1024 -221.500000 ) (1024 1024 -93.500000 ) (304 1024 -93.500000 ) (304 1024 -221.500000 ) 
4 2 4 (1024 1024 -93.500000 ) (1024 1024 663.500000 ) (304 1024 663.500000 ) (304 1024 -93.500000 ) 
4 2 3 (0 1434.320068 -407.500000 ) (0 1024 -407.500000 ) (0 1024 663.500000 ) (0 1434.320068 663.500000 ) 
4 3 80 (-637.700073 1024 -407.500000 ) (0 1024 -407.500000 ) (0 1024 663.500000 ) (-637.700073 1024 663.500000 ) 
4 4 39 (304 623.448975 -93.500000 ) (304 448 -93.500000 ) (304 448 403.333008 ) (304 623.448975 403.333008 ) 
4 4 37 (304 955.366089 -93.500000 ) (304 623.448975 -93.500000 ) (304 623.448975 403.333008 ) (304 955.366089 403.333008 ) 
4 4 36 (304 1024 403.333008 ) (304 1024 -93.500000 ) (304 955.366089 -93.500000 ) (304 955.366089 403.333008 ) 
4 4 35 (304 1024 663.500000 ) (304 1024 403.333008 ) (304 448 403.333008 ) (304 448 663.500000 ) 
4 4 15 (304 448 -93.500000 ) (304 1024 -93.500000 ) (1024 1024 -93.500000 ) (1024 448 -93.500000 ) 
4 4 13 (377.319031 448 -93.500000 ) (441.319031 448 -93.500000 ) (441.319031 448 -64 ) (377.319031 448 -64 ) 
4 4 14 (304 448 -93.500000 ) (377.319031 448 -93.500000 ) (377.319031 448 -64 ) (304 448 -64 ) 
4 4 12 (377.319031 448 387.097015 ) (304 448 387.097015 ) (304 448 0 ) (377.319031 448 0 ) 
4 4 11 (441.319031 448 0 ) (441.319031 448 387.097015 ) (377.319031 448 387.097015 ) (377.319031 448 0 ) 
4 4 10 (441.319031 448 -93.500000 ) (640 448 -93.500000 ) (640 448 -64 ) (441.319031 448 -64 ) 
4 4 9 (608 448 387.097015 ) (441.319031 448 387.097015 ) (441.319031 448 0 ) (608 448 0 ) 
4 4 8 (640 448 -93.500000 ) (672 448 -93.500000 ) (672 448 0 ) (640 448 0 ) 
4 4 7 (608 448 640 ) (304 448 640 ) (304 448 387.097015 ) (608 448 387.097015 ) 
4 4 6 (672 448 640 ) (672 448 663.500000 ) (304 448 663.500000 ) (304 448 640 ) 
4 4 5 (672 448 -93.500000 ) (1024 448 -93.500000 ) (1024 448 663.500000 ) (672 448 663.500000 ) 
4 5 82 (1024 0 -93.500000 ) (1024 0 663.500000 ) (672 0 663.500000 ) (672 0 -93.500000 ) 
4 5 30 (1024 0 -93.500000 ) (672 0 -93.500000 ) (672 59.366100 -93.500000 ) (1024 59.366100 -93.500000 ) 
4 5 28 (672 120 -93.500000 ) (672 332 -93.500000 ) (680 332 -93.500000 ) (680 120 -93.500000 ) 
4 5 27 (688 332 -93.500000 ) (1024 332 -93.500000 ) (1024 112 -93.500000 ) (688 112 -93.500000 ) 
4 5 29 (672 59.366100 -93.500000 ) (672 112 -93.500000 ) (1024 112 -93.500000 ) (1024 59.366100 -93.500000 ) 
4 5 17 (672 332 -93.500000 ) (672 360 -93.500000 ) (680 360 -93.500000 ) (680 332 -93.500000 ) 
4 5 16 (688 368 -93.500000 ) (1024 368 -93.500000 ) (1024 332 -93.500000 ) (688 332 -93.500000 ) 
4 5 15 (672 368 -93.500000 ) (672 448 -93.500000 ) (1024 448 -93.500000 ) (1024 368 -93.500000 ) 
4 5 8 (672 448 0 ) (672 448 -93.500000 ) (672 0 -93.500000 ) (672 0 0 ) 
4 5 6 (672 448 663.500000 ) (672 448 640 ) (672 0 640 ) (672 0 663.500000 ) 
4 6 83 (672 0 663.500000 ) (304 0 663.500000 ) (304 0 640 ) (672 0 640 ) 
4 6 35 (304 0 640 ) (304 0 663.500000 ) (304 448 663.500000 ) (304 448 640 ) 
4 6 7 (304 0 640 ) (304 448 640 ) (608 448 640 ) (608 0 640 ) 
4 7 87 (304 0 640 ) (304 0 387.097015 ) (608 0 387.097015 ) (608 0 640 ) 
4 7 40 (304 0 387.097015 ) (304 0 403.333008 ) (304 448 403.333008 ) (304 448 387.097015 ) 
4 7 35 (304 0 403.333008 ) (304 0 640 ) (304 448 640 ) (304 448 403.333008 ) 
4 7 12 (304 0 387.097015 ) (304 448 387.097015 ) (377.319031 448 387.097015 ) (377.319031 0 387.097015 ) 
4 7 11 (377.319031 448 387.097015 ) (441.319031 448 387.097015 ) (441.319031 59.366100 387.097015 ) (377.319031 59.366100 387.097015 ) 
4 7 9 (441.319031 448 387.097015 ) (608 448 387.097015 ) (608 0 387.097015 ) (441.319031 0 387.097015 ) 
4 8 84 (640 0 -93.500000 ) (672 0 -93.500000 ) (672 0 0 ) (640 0 0 ) 
4 8 30 (672 0 -93.500000 ) (640 0 -93.500000 ) (640 59.366100 -93.500000 ) (672 59.366100 -93.500000 ) 
4 8 28 (640 120 -93.500000 ) (640 332 -93.500000 ) (672 332 -93.500000 ) (672 120 -93.500000 ) 
4 8 29 (640 59.366100 -93.500000 ) (640 112 -93.500000 ) (672 112 -93.500000 ) (672 59.366100 -93.500000 ) 
4 8 19 (640 332 -93.500000 ) (640 360 -93.500000 ) (652 360 -93.500000 ) (652 332 -93.500000 ) 
4 8 17 (672 360 -93.500000 ) (672 332 -93.500000 ) (652 332 -93.500000 ) (652 360 -93.500000 ) 
4 8 15 (640 368 -93.500000 ) (640 448 -93.500000 ) (672 448 -93.500000 ) (672 368 -93.500000 ) 
4 8 10 (640 448 -64 ) (640 448 -93.500000 ) (640 0 -93.500000 ) (640 0 -64 ) 
4 9 88 (608 0 387.097015 ) (441.319031 0 387.097015 ) (441.319031 0 0 ) (608 0 0 ) 
4 9 11 (441.319031 59.366100 387.097015 ) (441.319031 448 387.097015 ) (441.319031 448 0 ) (441.319031 59.366100 0 ) 
4 10 89 (441.319031 0 -93.500000 ) (640 0 -93.500000 ) (640 0 -64 ) (441.319031 0 -64 ) 
4 10 30 (640 0 -93.500000 ) (441.319031 0 -93.500000 ) (441.319031 59.366100 -93.500000 ) (640 59.366100 -93.500000 ) 
4 10 28 (441.319031 120 -93.500000 ) (441.319031 332 -93.500000 ) (640 332 -93.500000 ) (640 120 -93.500000 ) 
4 10 29 (441.319031 59.366100 -93.500000 ) (441.319031 112 -93.500000 ) (640 112 -93.500000 ) (640 59.366100 -93.500000 ) 
4 10 25 (441.319031 332 -93.500000 ) (441.319031 360 -93.500000 ) (468 360 -93.500000 ) (468 332 -93.500000 ) 
4 10 22 (524 360 -93.500000 ) (524 332 -93.500000 ) (468 332 -93.500000 ) (468 360 -93.500000 ) 
4 10 20 (596 360 -93.500000 ) (596 332 -93.500000 ) (524 332 -93.500000 ) (524 360 -93.500000 ) 
4 10 19 (640 360 -93.500000 ) (640 332 -93.500000 ) (596 332 -93.500000 ) (596 360 -93.500000 ) 
4 10 15 (441.319031 368 -93.500000 ) (441.319031 448 -93.500000 ) (640 448 -93.500000 ) (640 368 -93.500000 ) 
4 10 13 (441.319031 448 -64 ) (441.319031 448 -93.500000 ) (441.319031 59.366100 -93.500000 ) (441.319031 59.366100 -64 ) 
4 11 12 (377.319031 59.366100 387.097015 ) (377.319031 448 387.097015 ) (377.319031 448 0 ) (377.319031 59.366100 0 ) 
4 12 92 (304 0 386.046997 ) (304 0 0 ) (377.319031 0 0 ) (377.319031 0 386.046997 ) 
4 12 91 (304 0 387.097015 ) (304 0 386.046997 ) (377.319031 0 386.046997 ) (377.319031 0 387.097015 ) 
4 12 40 (304 0 0 ) (304 0 387.097015 ) (304 448 387.097015 ) (304 448 0 ) 
4 13 28 (377.319031 120 -93.500000 ) (377.319031 332 -93.500000 ) (441.319031 332 -93.500000 ) (441.319031 120 -93.500000 ) 
4 13 29 (377.319031 59.366100 -93.500000 ) (377.319031 112 -93.500000 ) (441.319031 112 -93.500000 ) (441.319031 59.366100 -93.500000 ) 
4 13 23 (377.319031 360 -93.500000 ) (377.319031 368 -93.500000 ) (396 368 -93.500000 ) (396 360 -93.500000 ) 
4 13 25 (377.319031 332 -93.500000 ) (377.319031 360 -93.500000 ) (441.319031 360 -93.500000 ) (441.319031 332 -93.500000 ) 
4 13 15 (377.319031 368 -93.500000 ) (377.319031 448 -93.500000 ) (441.319031 448 -93.500000 ) (441.319031 368 -93.500000 ) 
4 13 14 (377.319031 59.366100 -64 ) (377.319031 448 -64 ) (377.319031 448 -93.500000 ) (377.319031 59.366100 -93.500000 ) 
4 14 94 (304 0 -64 ) (304 0 -93.500000 ) (377.319031 0 -93.500000 ) (377.319031 0 -64 ) 
4 14 41 (304 448 -93.500000 ) (304 0 -93.500000 ) (304 0 -64 ) (304 448 -64 ) 
4 14 34 (312 0 -93.500000 ) (304 0 -93.500000 ) (304 112 -93.500000 ) (312 112 -93.500000 ) 
4 14 31 (377.319031 0 -93.500000 ) (312 0 -93.500000 ) (312 59.366100 -93.500000 ) (377.319031 59.366100 -93.500000 ) 
4 14 28 (312 120 -93.500000 ) (312 332 -93.500000 ) (377.319031 332 -93.500000 ) (377.319031 120 -93.500000 ) 
4 14 29 (312 59.366100 -93.500000 ) (312 112 -93.500000 ) (377.319031 112 -93.500000 ) (377.319031 59.366100 -93.500000 ) 
4 14 26 (312 360 -93.500000 ) (340 360 -93.500000 ) (340 332 -93.500000 ) (312 332 -93.500000 ) 
4 14 23 (340 368 -93.500000 ) (377.319031 368 -93.500000 ) (377.319031 360 -93.500000 ) (340 360 -93.500000 ) 
4 14 25 (377.319031 360 -93.500000 ) (377.319031 332 -93.500000 ) (340 332 -93.500000 ) (340 360 -93.500000 ) 
4 14 15 (304 368 -93.500000 ) (304 448 -93.500000 ) (377.319031 448 -93.500000 ) (377.319031 368 -93.500000 ) 
4 15 55 (304 432 -221.500000 ) (304 448 -221.500000 ) (432 448 -221.500000 ) (432 432 -221.500000 ) 
4 15 54 (304 448 -221.500000 ) (304 464 -221.500000 ) (432 464 -221.500000 ) (432 448 -221.500000 ) 
4 15 53 (304 464 -221.500000 ) (304 480 -221.500000 ) (432 480 -221.500000 ) (432 464 -221.500000 ) 
4 15 52 (304 480 -221.500000 ) (304 1024 -221.500000 ) (432 1024 -221.500000 ) (432 480 -221.500000 ) 
4 15 51 (432 1024 -221.500000 ) (1024 1024 -221.500000 ) (1024 368 -221.500000 ) (432 368 -221.500000 ) 
4 15 41 (304 448 -221.500000 ) (304 368 -221.500000 ) (304 368 -93.500000 ) (304 448 -93.500000 ) 
4 15 39 (304 623.448975 -221.500000 ) (304 448 -221.500000 ) (304 448 -93.500000 ) (304 623.448975 -93.500000 ) 
4 15 37 (304 955.366089 -221.500000 ) (304 623.448975 -221.500000 ) (304 623.448975 -93.500000 ) (304 955.366089 -93.500000 ) 
4 15 36 (304 1024 -93.500000 ) (304 1024 -221.500000 ) (304 955.366089 -221.500000 ) (304 955.366089 -93.500000 ) 
4 15 24 (344 368 -221.500000 ) (392 368 -221.500000 ) (392 368 -113.500000 ) (344 368 -113.500000 ) 
4 15 23 (396 368 -93.500000 ) (340 368 -93.500000 ) (340 368 -113.500000 ) (396 368 -113.500000 ) 
4 15 21 (468 368 -125.500000 ) (468 368 -189.500000 ) (524 368 -189.500000 ) (524 368 -125.500000 ) 
4 15 18 (596 368 -125.500000 ) (596 368 -189.500000 ) (652 368 -189.500000 ) (652 368 -125.500000 ) 
4 15 16 (1024 368 -93.500000 ) (688 368 -93.500000 ) (688 368 -221.500000 ) (1024 368 -221.500000 ) 
4 16 56 (688 368 -221.500000 ) (1024 368 -221.500000 ) (1024 332 -221.500000 ) (688 332 -221.500000 ) 
4 16 27 (1024 332 -93.500000 ) (688 332 -93.500000 ) (688 332 -221.500000 ) (1024 332 -221.500000 ) 
4 17 28 (680 332 -93.500000 ) (652 332 -93.500000 ) (652 332 -221.500000 ) (680 332 -221.500000 ) 
4 17 19 (652 360 -221.500000 ) (652 332 -221.500000 ) (652 332 -93.500000 ) (652 360 -93.500000 ) 
4 18 19 (596 360 -125.500000 ) (596 360 -189.500000 ) (652 360 -189.500000 ) (652 360 -125.500000 ) 
4 19 28 (652 332 -93.500000 ) (596 332 -93.500000 ) (596 332 -221.500000 ) (652 332 -221.500000 ) 
4 19 20 (596 360 -221.500000 ) (596 332 -221.500000 ) (596 332 -93.500000 ) (596 360 -93.500000 ) 
4 20 28 (596 332 -93.500000 ) (524 332 -93.500000 ) (524 332 -221.500000 ) (596 332 -221.500000 ) 
4 20 22 (524 360 -221.500000 ) (524 332 -221.500000 ) (524 332 -93.500000 ) (524 360 -93.500000 ) 
4 21 22 (468 360 -125.500000 ) (468 360 -189.500000 ) (524 360 -189.500000 ) (524 360 -125.500000 ) 
4 22 28 (524 332 -93.500000 ) (468 332 -93.500000 ) (468 332 -221.500000 ) (524 332 -221.500000 ) 
4 22 25 (468 360 -221.500000 ) (468 332 -221.500000 ) (468 332 -93.500000 ) (468 360 -93.500000 ) 
4 23 24 (392 360 -113.500000 ) (344 360 -113.500000 ) (344 368 -113.500000 ) (392 368 -113.500000 ) 
4 23 25 (340 360 -93.500000 ) (340 360 -113.500000 ) (396 360 -113.500000 ) (396 360 -93.500000 ) 
4 24 57 (344 368 -221.500000 ) (392 368 -221.500000 ) (392 360 -221.500000 ) (344 360 -221.500000 ) 
4 24 25 (344 360 -221.500000 ) (392 360 -221.500000 ) (392 360 -113.500000 ) (344 360 -113.500000 ) 
4 25 28 (468 332 -93.500000 ) (340 332 -93.500000 ) (340 332 -221.500000 ) (468 332 -221.500000 ) 
4 25 26 (340 360 -221.500000 ) (340 332 -221.500000 ) (340 332 -93.500000 ) (340 360 -93.500000 ) 
4 26 28 (340 332 -93.500000 ) (312 332 -93.500000 ) (312 332 -221.500000 ) (340 332 -221.500000 ) 
4 27 56 (688 332 -221.500000 ) (1024 332 -221.500000 ) (1024 112 -221.500000 ) (688 112 -221.500000 ) 
4 27 29 (688 112 -221.500000 ) (1024 112 -221.500000 ) (1024 112 -93.500000 ) (688 112 -93.500000 ) 
4 28 33 (312 148 -189.500000 ) (312 148 -125.500000 ) (312 204 -125.500000 ) (312 204 -189.500000 ) 
4 28 32 (312 332 -125.500000 ) (312 332 -189.500000 ) (312 276 -189.500000 ) (312 276 -125.500000 ) 
4 29 60 (377.319031 112 -221.500000 ) (441.319031 112 -221.500000 ) (441.319031 59.366100 -221.500000 ) (377.319031 59.366100 -221.500000 ) 
4 29 59 (441.319031 112 -221.500000 ) (1024 112 -221.500000 ) (1024 59.366100 -221.500000 ) (441.319031 59.366100 -221.500000 ) 
4 29 62 (312 59.366100 -221.500000 ) (312 112 -221.500000 ) (377.319031 112 -221.500000 ) (377.319031 59.366100 -221.500000 ) 
4 29 34 (312 112 -221.500000 ) (312 59.366100 -221.500000 ) (312 59.366100 -93.500000 ) (312 112 -93.500000 ) 
4 29 30 (441.319031 59.366100 -221.500000 ) (1024 59.366100 -221.500000 ) (1024 59.366100 -93.500000 ) (441.319031 59.366100 -93.500000 ) 
4 29 31 (312 59.366100 -93.500000 ) (312 59.366100 -221.500000 ) (377.319031 59.366100 -221.500000 ) (377.319031 59.366100 -93.500000 ) 
4 30 89 (640 0 -93.500000 ) (441.319031 0 -93.500000 ) (441.319031 0 -221.500000 ) (640 0 -221.500000 ) 
4 30 84 (672 0 -93.500000 ) (640 0 -93.500000 ) (640 0 -221.500000 ) (672 0 -221.500000 ) 
4 30 82 (1024 0 -221.500000 ) (1024 0 -93.500000 ) (672 0 -93.500000 ) (672 0 -221.500000 ) 
4 30 59 (1024 0 -221.500000 ) (441.319031 0 -221.500000 ) (441.319031 59.366100 -221.500000 ) (1024 59.366100 -221.500000 ) 
4 31 94 (377.319031 0 -93.500000 ) (312 0 -93.500000 ) (312 0 -221.500000 ) (377.319031 0 -221.500000 ) 
4 31 62 (377.319031 0 -221.500000 ) (312 0 -221.500000 ) (312 59.366100 -221.500000 ) (377.319031 59.366100 -221.500000 ) 
4 31 34 (312 59.366100 -221.500000 ) (312 0 -221.500000 ) (312 0 -93.500000 ) (312 59.366100 -93.500000 ) 
4 32 41 (304 276 -189.500000 ) (304 276 -125.500000 ) (304 332 -125.500000 ) (304 332 -189.500000 ) 
4 33 41 (304 148 -189.500000 ) (304 148 -125.500000 ) (304 204 -125.500000 ) (304 204 -189.500000 ) 
4 34 94 (312 0 -93.500000 ) (304 0 -93.500000 ) (304 0 -221.500000 ) (312 0 -221.500000 ) 
4 34 62 (312 0 -221.500000 ) (304 0 -221.500000 ) (304 112 -221.500000 ) (312 112 -221.500000 ) 
4 34 41 (304 112 -221.500000 ) (304 0 -221.500000 ) (304 0 -93.500000 ) (304 112 -93.500000 ) 
4 35 87 (0 0 640 ) (0 0 403.333008 ) (304 0 403.333008 ) (304 0 640 ) 
4 35 83 (0 0 663.500000 ) (0 0 640 ) (304 0 640 ) (304 0 663.500000 ) 
4 35 80 (0 1024 663.500000 ) (0 1024 403.333008 ) (0 0 403.333008 ) (0 0 663.500000 ) 
4 35 44 (224 0 403.333008 ) (0 0 403.333008 ) (0 623.448975 403.333008 ) (224 623.448975 403.333008 ) 
4 35 42 (288 0 403.333008 ) (224 0 403.333008 ) (224 59.366100 403.333008 ) (288 59.366100 403.333008 ) 
4 35 40 (304 448 403.333008 ) (304 0 403.333008 ) (288 0 403.333008 ) (288 448 403.333008 ) 
4 35 39 (304 623.448975 403.333008 ) (304 448 403.333008 ) (288 448 403.333008 ) (288 623.448975 403.333008 ) 
4 35 37 (304 955.366089 403.333008 ) (304 623.448975 403.333008 ) (288 623.448975 403.333008 ) (288 955.366089 403.333008 ) 
4 35 38 (224 623.448975 403.333008 ) (0 623.448975 403.333008 ) (0 955.366089 403.333008 ) (224 955.366089 403.333008 ) 
4 35 36 (0 1024 403.333008 ) (304 1024 403.333008 ) (304 955.366089 403.333008 ) (0 955.366089 403.333008 ) 
4 36 80 (0 1024 403.333008 ) (0 1024 -221.500000 ) (0 955.366089 -221.500000 ) (0 955.366089 403.333008 ) 
4 36 76 (96 1024 -221.500000 ) (160 1024 -221.500000 ) (160 955.366089 -221.500000 ) (96 955.366089 -221.500000 ) 
4 36 75 (160 1024 -221.500000 ) (192 1024 -221.500000 ) (192 955.366089 -221.500000 ) (160 955.366089 -221.500000 ) 
4 36 78 (0 955.366089 -221.500000 ) (0 1024 -221.500000 ) (96 1024 -221.500000 ) (96 955.366089 -221.500000 ) 
4 36 70 (224 1024 -221.500000 ) (288 1024 -221.500000 ) (288 955.366089 -221.500000 ) (224 955.366089 -221.500000 ) 
4 36 69 (288 1024 -221.500000 ) (304 1024 -221.500000 ) (304 955.366089 -221.500000 ) (288 955.366089 -221.500000 ) 
4 36 72 (192 1024 -221.500000 ) (224 1024 -221.500000 ) (224 955.366089 -221.500000 ) (192 955.366089 -221.500000 ) 
4 36 37 (288 955.366089 -221.500000 ) (304 955.366089 -221.500000 ) (304 955.366089 403.333008 ) (288 955.366089 403.333008 ) 
4 36 38 (0 955.366089 -221.500000 ) (224 955.366089 -221.500000 ) (224 955.366089 403.333008 ) (0 955.366089 403.333008 ) 
4 37 69 (288 955.366089 -221.500000 ) (304 955.366089 -221.500000 ) (304 623.448975 -221.500000 ) (288 623.448975 -221.500000 ) 
4 37 39 (288 623.448975 -221.500000 ) (304 623.448975 -221.500000 ) (304 623.448975 403.333008 ) (288 623.448975 403.333008 ) 
4 38 80 (0 955.366089 -221.500000 ) (0 623.448975 -221.500000 ) (0 623.448975 403.333008 ) (0 955.366089 403.333008 ) 
4 38 76 (96 955.366089 -221.500000 ) (160 955.366089 -221.500000 ) (160 623.448975 -221.500000 ) (96 623.448975 -221.500000 ) 
4 38 75 (160 955.366089 -221.500000 ) (192 955.366089 -221.500000 ) (192 623.448975 -221.500000 ) (160 623.448975 -221.500000 ) 
4 38 78 (0 623.448975 -221.500000 ) (0 955.366089 -221.500000 ) (96 955.366089 -221.500000 ) (96 623.448975 -221.500000 ) 
4 38 72 (192 955.366089 -221.500000 ) (224 955.366089 -221.500000 ) (224 623.448975 -221.500000 ) (192 623.448975 -221.500000 ) 
4 38 45 (160 623.448975 -221.500000 ) (224 623.448975 -221.500000 ) (224 623.448975 386.046997 ) (160 623.448975 386.046997 ) 
4 38 46 (0 623.448975 -221.500000 ) (96 623.448975 -221.500000 ) (96 623.448975 386.046997 ) (0 623.448975 386.046997 ) 
4 38 44 (224 623.448975 386.046997 ) (224 623.448975 403.333008 ) (0 623.448975 403.333008 ) (0 623.448975 386.046997 ) 
4 39 69 (288 623.448975 -221.500000 ) (304 623.448975 -221.500000 ) (304 448 -221.500000 ) (288 448 -221.500000 ) 
4 39 40 (304 448 0 ) (304 448 403.333008 ) (288 448 403.333008 ) (288 448 0 ) 
4 39 41 (288 448 -221.500000 ) (304 448 -221.500000 ) (304 448 -64 ) (288 448 -64 ) 
4 40 92 (304 0 0 ) (304 0 386.046997 ) (288 0 386.046997 ) (288 0 0 ) 
4 40 91 (304 0 386.046997 ) (304 0 387.097015 ) (288 0 387.097015 ) (288 0 386.046997 ) 
4 40 87 (304 0 387.097015 ) (304 0 403.333008 ) (288 0 403.333008 ) (288 0 387.097015 ) 
4 40 42 (288 59.366100 0 ) (288 0 0 ) (288 0 403.333008 ) (288 59.366100 403.333008 ) 
4 41 94 (288 0 -221.500000 ) (304 0 -221.500000 ) (304 0 -64 ) (288 0 -64 ) 
4 41 69 (304 0 -221.500000 ) (288 0 -221.500000 ) (288 448 -221.500000 ) (304 448 -221.500000 ) 
4 41 43 (288 59.366100 -221.500000 ) (288 0 -221.500000 ) (288 0 -64 ) (288 59.366100 -64 ) 
4 42 92 (288 0 0 ) (288 0 386.046997 ) (224 0 386.046997 ) (224 0 0 ) 
4 42 91 (288 0 386.046997 ) (288 0 387.097015 ) (224 0 387.097015 ) (224 0 386.046997 ) 
4 42 87 (288 0 387.097015 ) (288 0 403.333008 ) (224 0 403.333008 ) (224 0 387.097015 ) 
4 42 47 (224 0 0 ) (224 0 386.046997 ) (224 59.366100 386.046997 ) (224 59.366100 0 ) 
4 42 44 (224 0 386.046997 ) (224 0 403.333008 ) (224 59.366100 403.333008 ) (224 59.366100 386.046997 ) 
4 43 94 (224 0 -221.500000 ) (288 0 -221.500000 ) (288 0 -64 ) (224 0 -64 ) 
4 43 71 (288 0 -221.500000 ) (224 0 -221.500000 ) (224 59.366100 -221.500000 ) (288 59.366100 -221.500000 ) 
4 43 49 (224 59.366100 -221.500000 ) (224 0 -221.500000 ) (224 0 -64 ) (224 59.366100 -64 ) 
4 44 91 (0 0 387.097015 ) (0 0 386.046997 ) (224 0 386.046997 ) (224 0 387.097015 ) 
4 44 87 (0 0 403.333008 ) (0 0 387.097015 ) (224 0 387.097015 ) (224 0 403.333008 ) 
4 44 80 (0 0 386.046997 ) (0 0 403.333008 ) (0 623.448975 403.333008 ) (0 623.448975 386.046997 ) 
4 44 48 (96 0 386.046997 ) (0 0 386.046997 ) (0 448 386.046997 ) (96 448 386.046997 ) 
4 44 47 (224 448 386.046997 ) (224 0 386.046997 ) (160 0 386.046997 ) (160 448 386.046997 ) 
4 44 45 (160 623.448975 386.046997 ) (224 623.448975 386.046997 ) (224 448 386.046997 ) (160 448 386.046997 ) 
4 44 46 (0 623.448975 386.046997 ) (96 623.448975 386.046997 ) (96 448 386.046997 ) (0 448 386.046997 ) 
4 45 75 (160 623.448975 -221.500000 ) (192 623.448975 -221.500000 ) (192 448 -221.500000 ) (160 448 -221.500000 ) 
4 45 72 (192 623.448975 -221.500000 ) (224 623.448975 -221.500000 ) (224 448 -221.500000 ) (192 448 -221.500000 ) 
4 45 49 (160 448 -221.500000 ) (224 448 -221.500000 ) (224 448 -64 ) (160 448 -64 ) 
4 45 47 (224 448 0 ) (224 448 386.046997 ) (160 448 386.046997 ) (160 448 0 ) 
4 46 80 (0 623.448975 -221.500000 ) (0 448 -221.500000 ) (0 448 386.046997 ) (0 623.448975 386.046997 ) 
4 46 78 (0 448 -221.500000 ) (0 623.448975 -221.500000 ) (96 623.448975 -221.500000 ) (96 448 -221.500000 ) 
4 46 50 (0 448 -221.500000 ) (96 448 -221.500000 ) (96 448 -64 ) (0 448 -64 ) 
4 46 48 (96 448 0 ) (96 448 386.046997 ) (0 448 386.046997 ) (0 448 0 ) 
4 47 92 (224 0 0 ) (224 0 386.046997 ) (160 0 386.046997 ) (160 0 0 ) 
4 48 96 (0 0 386.046997 ) (0 0 0 ) (96 0 0 ) (96 0 386.046997 ) 
4 48 80 (0 0 0 ) (0 0 386.046997 ) (0 448 386.046997 ) (0 448 0 ) 
4 49 94 (160 0 -221.500000 ) (224 0 -221.500000 ) (224 0 -64 ) (160 0 -64 ) 
4 49 75 (192 0 -221.500000 ) (160 0 -221.500000 ) (160 448 -221.500000 ) (192 448 -221.500000 ) 
4 49 72 (224 0 -221.500000 ) (192 0 -221.500000 ) (192 448 -221.500000 ) (224 448 -221.500000 ) 
4 50 97 (0 0 -64 ) (0 0 -221.500000 ) (96 0 -221.500000 ) (96 0 -64 ) 
4 50 80 (0 448 -221.500000 ) (0 0 -221.500000 ) (0 0 -64 ) (0 448 -64 ) 
4 50 78 (96 0 -221.500000 ) (0 0 -221.500000 ) (0 448 -221.500000 ) (96 448 -221.500000 ) 
4 51 65 (432 1024 -253.500000 ) (688 1024 -253.500000 ) (688 480 -253.500000 ) (432 480 -253.500000 ) 
4 51 64 (688 1024 -253.500000 ) (800 1024 -253.500000 ) (800 480 -253.500000 ) (688 480 -253.500000 ) 
4 51 63 (800 1024 -253.500000 ) (1024 1024 -253.500000 ) (1024 368 -253.500000 ) (800 368 -253.500000 ) 
4 51 56 (688 368 -253.500000 ) (1024 368 -253.500000 ) (1024 368 -221.500000 ) (688 368 -221.500000 ) 
4 51 55 (432 432 -229.500000 ) (432 432 -221.500000 ) (432 448 -221.500000 ) (432 448 -229.500000 ) 
4 51 54 (432 448 -237.500000 ) (432 448 -221.500000 ) (432 464 -221.500000 ) (432 464 -237.500000 ) 
4 51 53 (432 464 -245.500000 ) (432 464 -221.500000 ) (432 480 -221.500000 ) (432 480 -245.500000 ) 
4 51 52 (432 1024 -253.500000 ) (432 480 -253.500000 ) (432 480 -221.500000 ) (432 1024 -221.500000 ) 
4 52 73 (304 1024 -236.667023 ) (304 1024 -253.500000 ) (304 480 -253.500000 ) (304 480 -236.667023 ) 
4 52 69 (304 480 -221.500000 ) (304 1024 -221.500000 ) (304 1024 -236.667023 ) (304 480 -236.667023 ) 
4 52 67 (304 480 -253.500000 ) (304 1024 -253.500000 ) (432 1024 -253.500000 ) (432 480 -253.500000 ) 
4 52 53 (304 480 -221.500000 ) (304 480 -245.500000 ) (432 480 -245.500000 ) (432 480 -221.500000 ) 
4 53 74 (304 480 -236.667023 ) (304 480 -245.500000 ) (304 464 -245.500000 ) (304 464 -236.667023 ) 
4 53 69 (304 464 -221.500000 ) (304 480 -221.500000 ) (304 480 -236.667023 ) (304 464 -236.667023 ) 
4 53 54 (304 464 -221.500000 ) (304 464 -237.500000 ) (432 464 -237.500000 ) (432 464 -221.500000 ) 
4 54 74 (304 464 -236.667023 ) (304 464 -237.500000 ) (304 448 -237.500000 ) (304 448 -236.667023 ) 
4 54 69 (304 448 -221.500000 ) (304 464 -221.500000 ) (304 464 -236.667023 ) (304 448 -236.667023 ) 
4 54 55 (304 448 -221.500000 ) (304 448 -229.500000 ) (432 448 -229.500000 ) (432 448 -221.500000 ) 
4 55 69 (304 432 -221.500000 ) (304 448 -221.500000 ) (304 448 -229.500000 ) (304 432 -229.500000 ) 
4 56 63 (800 368 -253.500000 ) (1024 368 -253.500000 ) (1024 112 -253.500000 ) (800 112 -253.500000 ) 
4 56 59 (688 112 -253.500000 ) (1024 112 -253.500000 ) (1024 112 -221.500000 ) (688 112 -221.500000 ) 
4 57 67 (304 368 -253.500000 ) (432 368 -253.500000 ) (432 360 -253.500000 ) (312 360 -253.500000 ) 
4 57 58 (312 360 -253.500000 ) (432 360 -253.500000 ) (432 360 -229.500000 ) (312 360 -229.500000 ) 
4 58 66 (432 360 -253.500000 ) (680 360 -253.500000 ) (680 120 -253.500000 ) (432 120 -253.500000 ) 
4 58 67 (312 360 -253.500000 ) (432 360 -253.500000 ) (432 120 -253.500000 ) (312 120 -253.500000 ) 
4 59 89 (640 0 -221.500000 ) (441.319031 0 -221.500000 ) (441.319031 0 -252.903000 ) (640 0 -252.903000 ) 
4 59 90 (441.319031 0 -252.903000 ) (441.319031 0 -253.500000 ) (640 0 -253.500000 ) (640 0 -252.903000 ) 
4 59 84 (672 0 -221.500000 ) (640 0 -221.500000 ) (640 0 -253.500000 ) (672 0 -253.500000 ) 
4 59 82 (1024 0 -253.500000 ) (1024 0 -221.500000 ) (672 0 -221.500000 ) (672 0 -253.500000 ) 
4 59 63 (1024 0 -253.500000 ) (800 0 -253.500000 ) (800 112 -253.500000 ) (1024 112 -253.500000 ) 
4 59 61 (441.319031 59.366100 -253.500000 ) (441.319031 0 -253.500000 ) (441.319031 0 -252.903000 ) (441.319031 59.366100 -252.903000 ) 
4 59 60 (441.319031 112 -221.500000 ) (441.319031 112 -253.500000 ) (441.319031 59.366100 -253.500000 ) (441.319031 59.366100 -221.500000 ) 
4 60 61 (377.319031 59.366100 -252.903000 ) (377.319031 59.366100 -253.500000 ) (441.319031 59.366100 -253.500000 ) (441.319031 59.366100 -252.903000 ) 
4 60 62 (377.319031 112 -221.500000 ) (377.319031 112 -253.500000 ) (377.319031 59.366100 -253.500000 ) (377.319031 59.366100 -221.500000 ) 
4 61 90 (377.319031 0 -252.903000 ) (377.319031 0 -253.500000 ) (441.319031 0 -253.500000 ) (441.319031 0 -252.903000 ) 
4 61 62 (377.319031 59.366100 -253.500000 ) (377.319031 0 -253.500000 ) (377.319031 0 -252.903000 ) (377.319031 59.366100 -252.903000 ) 
4 62 94 (377.319031 0 -221.500000 ) (304 0 -221.500000 ) (304 0 -253.500000 ) (377.319031 0 -253.500000 ) 
4 62 74 (304 0 -253.500000 ) (304 0 -236.667023 ) (304 112 -236.667023 ) (304 112 -253.500000 ) 
4 62 69 (304 0 -236.667023 ) (304 0 -221.500000 ) (304 112 -221.500000 ) (304 112 -236.667023 ) 
4 63 82 (1024 0 -253.953003 ) (1024 0 -253.500000 ) (800 0 -253.500000 ) (800 0 -253.953003 ) 
4 63 101 (1024 0 -261.500000 ) (1024 0 -253.953003 ) (800 0 -253.953003 ) (800 0 -261.500000 ) 
4 63 68 (800 1024 -261.500000 ) (1024 1024 -261.500000 ) (1024 0 -261.500000 ) (800 0 -261.500000 ) 
4 63 64 (800 1024 -261.500000 ) (800 480 -261.500000 ) (800 480 -253.500000 ) (800 1024 -253.500000 ) 
4 64 68 (688 1024 -261.500000 ) (800 1024 -261.500000 ) (800 480 -261.500000 ) (688 480 -261.500000 ) 
4 64 65 (688 1024 -261.500000 ) (688 480 -261.500000 ) (688 480 -253.500000 ) (688 1024 -253.500000 ) 
4 65 68 (432 1024 -261.500000 ) (688 1024 -261.500000 ) (688 480 -261.500000 ) (432 480 -261.500000 ) 
4 65 67 (432 1024 -261.500000 ) (432 480 -261.500000 ) (432 480 -253.500000 ) (432 1024 -253.500000 ) 
4 66 68 (688 368 -261.500000 ) (688 112 -261.500000 ) (432 112 -261.500000 ) (432 368 -261.500000 ) 
4 66 67 (432 368 -261.500000 ) (432 112 -261.500000 ) (432 112 -253.500000 ) (432 368 -253.500000 ) 
4 67 73 (304 480 -253.500000 ) (304 1024 -253.500000 ) (304 1024 -261.500000 ) (304 480 -261.500000 ) 
4 67 68 (304 112 -261.500000 ) (304 1024 -261.500000 ) (432 1024 -261.500000 ) (432 112 -261.500000 ) 
4 68 101 (1024 0 -407.500000 ) (1024 0 -261.500000 ) (304 0 -261.500000 ) (304 0 -407.500000 ) 
4 68 79 (304 0 -407.500000 ) (304 0 -261.500000 ) (304 1024 -261.500000 ) (304 1024 -407.500000 ) 
4 69 94 (304 0 -236.667023 ) (304 0 -221.500000 ) (288 0 -221.500000 ) (288 0 -236.667023 ) 
4 69 74 (304 480 -236.667023 ) (304 0 -236.667023 ) (288 0 -236.667023 ) (288 480 -236.667023 ) 
4 69 73 (288 1024 -236.667023 ) (304 1024 -236.667023 ) (304 480 -236.667023 ) (288 480 -236.667023 ) 
4 69 70 (288 1024 -236.667023 ) (288 955.366089 -236.667023 ) (288 955.366089 -221.500000 ) (288 1024 -221.500000 ) 
4 69 71 (288 59.366100 -236.667023 ) (288 0 -236.667023 ) (288 0 -221.500000 ) (288 59.366100 -221.500000 ) 
4 70 73 (224 1024 -236.667023 ) (288 1024 -236.667023 ) (288 955.366089 -236.667023 ) (224 955.366089 -236.667023 ) 
4 70 72 (224 1024 -236.667023 ) (224 955.366089 -236.667023 ) (224 955.366089 -221.500000 ) (224 1024 -221.500000 ) 
4 71 94 (288 0 -221.500000 ) (224 0 -221.500000 ) (224 0 -236.667023 ) (288 0 -236.667023 ) 
4 71 74 (288 59.366100 -236.667023 ) (288 0 -236.667023 ) (224 0 -236.667023 ) (224 59.366100 -236.667023 ) 
4 71 72 (224 59.366100 -236.667023 ) (224 0 -236.667023 ) (224 0 -221.500000 ) (224 59.366100 -221.500000 ) 
4 72 94 (224 0 -221.500000 ) (192 0 -221.500000 ) (192 0 -236.667023 ) (224 0 -236.667023 ) 
4 72 75 (192 0 -236.667023 ) (192 0 -221.500000 ) (192 1024 -221.500000 ) (192 1024 -236.667023 ) 
4 72 74 (192 0 -236.667023 ) (192 480 -236.667023 ) (224 480 -236.667023 ) (224 0 -236.667023 ) 
4 72 73 (192 480 -236.667023 ) (192 1024 -236.667023 ) (224 1024 -236.667023 ) (224 480 -236.667023 ) 
4 73 79 (192 1024 -261.500000 ) (304 1024 -261.500000 ) (304 480 -261.500000 ) (192 480 -261.500000 ) 
4 73 75 (192 1024 -261.500000 ) (192 480 -261.500000 ) (192 480 -236.667023 ) (192 1024 -236.667023 ) 
4 73 74 (304 480 -236.667023 ) (192 480 -236.667023 ) (192 480 -253.500000 ) (304 480 -253.500000 ) 
4 74 94 (304 0 -253.500000 ) (304 0 -236.667023 ) (192 0 -236.667023 ) (192 0 -253.500000 ) 
4 74 75 (192 0 -253.500000 ) (192 0 -236.667023 ) (192 480 -236.667023 ) (192 480 -253.500000 ) 
4 75 94 (192 0 -221.500000 ) (160 0 -221.500000 ) (160 0 -253.953003 ) (192 0 -253.953003 ) 
4 75 101 (160 0 -253.953003 ) (160 0 -261.500000 ) (192 0 -261.500000 ) (192 0 -253.953003 ) 
4 75 79 (160 1024 -261.500000 ) (192 1024 -261.500000 ) (192 0 -261.500000 ) (160 0 -261.500000 ) 
4 75 77 (160 623.448975 -261.500000 ) (160 0 -261.500000 ) (160 0 -253.953003 ) (160 623.448975 -253.953003 ) 
4 75 76 (160 1024 -261.500000 ) (160 623.448975 -261.500000 ) (160 623.448975 -221.500000 ) (160 1024 -221.500000 ) 
4 76 79 (96 1024 -261.500000 ) (160 1024 -261.500000 ) (160 623.448975 -261.500000 ) (96 623.448975 -261.500000 ) 
4 76 77 (96 623.448975 -253.953003 ) (96 623.448975 -261.500000 ) (160 623.448975 -261.500000 ) (160 623.448975 -253.953003 ) 
4 76 78 (96 1024 -261.500000 ) (96 623.448975 -261.500000 ) (96 623.448975 -221.500000 ) (96 1024 -221.500000 ) 
4 77 101 (96 0 -253.953003 ) (96 0 -261.500000 ) (160 0 -261.500000 ) (160 0 -253.953003 ) 
4 77 79 (160 623.448975 -261.500000 ) (160 0 -261.500000 ) (96 0 -261.500000 ) (96 623.448975 -261.500000 ) 
4 77 78 (96 623.448975 -261.500000 ) (96 0 -261.500000 ) (96 0 -253.953003 ) (96 623.448975 -253.953003 ) 
4 78 97 (96 0 -221.500000 ) (0 0 -221.500000 ) (0 0 -253.953003 ) (96 0 -253.953003 ) 
4 78 101 (0 0 -253.953003 ) (0 0 -261.500000 ) (96 0 -261.500000 ) (96 0 -253.953003 ) 
4 78 80 (0 1024 -221.500000 ) (0 1024 -261.500000 ) (0 0 -261.500000 ) (0 0 -221.500000 ) 
4 78 79 (0 1024 -261.500000 ) (96 1024 -261.500000 ) (96 0 -261.500000 ) (0 0 -261.500000 ) 
4 79 101 (304 0 -407.500000 ) (304 0 -261.500000 ) (0 0 -261.500000 ) (0 0 -407.500000 ) 
4 79 80 (0 1024 -261.500000 ) (0 1024 -407.500000 ) (0 0 -407.500000 ) (0 0 -261.500000 ) 
4 80 103 (0 0 -407.500000 ) (0 0 663.500000 ) (-637.700073 0 663.500000 ) (-637.700073 0 -407.500000 ) 
4 81 102 (1024 -836.633972 -407.500000 ) (1024 -847.320007 -407.500000 ) (1024 -847.320007 663.500000 ) (1024 -836.633972 663.500000 ) 
4 81 82 (1024 0 663.500000 ) (1024 0 -253.953003 ) (1024 -836.633972 -253.953003 ) (1024 -836.633972 663.500000 ) 
4 81 101 (1024 0 -253.953003 ) (1024 0 -407.500000 ) (1024 -836.633972 -407.500000 ) (1024 -836.633972 -253.953003 ) 
4 82 102 (1024 -836.633972 -253.953003 ) (1024 -836.633972 663.500000 ) (672 -836.633972 663.500000 ) (672 -836.633972 -253.953003 ) 
4 82 84 (672 0 -253.953003 ) (672 -448 -253.953003 ) (672 -448 0 ) (672 0 0 ) 
4 82 85 (672 -448 -253.953003 ) (672 -836.633972 -253.953003 ) (672 -836.633972 640 ) (672 -448 640 ) 
4 82 83 (672 -836.633972 640 ) (672 -836.633972 663.500000 ) (672 0 663.500000 ) (672 0 640 ) 
4 82 101 (1024 -836.633972 -253.953003 ) (672 -836.633972 -253.953003 ) (672 0 -253.953003 ) (1024 0 -253.953003 ) 
4 83 103 (0 0 663.500000 ) (0 0 640 ) (0 -836.633972 640 ) (0 -836.633972 663.500000 ) 
4 83 102 (672 -836.633972 663.500000 ) (0 -836.633972 663.500000 ) (0 -836.633972 640 ) (672 -836.633972 640 ) 
4 83 86 (640 -836.633972 640 ) (608 -836.633972 640 ) (608 -448 640 ) (640 -448 640 ) 
4 83 87 (608 -836.633972 640 ) (0 -836.633972 640 ) (0 0 640 ) (608 0 640 ) 
4 83 85 (672 -448 640 ) (672 -836.633972 640 ) (640 -836.633972 640 ) (640 -448 640 ) 
4 84 89 (640 -448 -252.903000 ) (640 -448 -64 ) (640 0 -64 ) (640 0 -252.903000 ) 
4 84 90 (640 0 -253.953003 ) (640 -448 -253.953003 ) (640 -448 -252.903000 ) (640 0 -252.903000 ) 
4 84 85 (640 -448 0 ) (640 -448 -253.953003 ) (672 -448 -253.953003 ) (672 -448 0 ) 
4 84 101 (640 -448 -253.953003 ) (640 0 -253.953003 ) (672 0 -253.953003 ) (672 -448 -253.953003 ) 
4 85 102 (640 -836.633972 -253.953003 ) (672 -836.633972 -253.953003 ) (672 -836.633972 640 ) (640 -836.633972 640 ) 
4 85 98 (640 -448 -253.953003 ) (640 -836.633972 -253.953003 ) (640 -836.633972 387.097015 ) (640 -448 387.097015 ) 
4 85 86 (640 -836.633972 387.097015 ) (640 -836.633972 640 ) (640 -448 640 ) (640 -448 387.097015 ) 
4 85 101 (672 -836.633972 -253.953003 ) (640 -836.633972 -253.953003 ) (640 -448 -253.953003 ) (672 -448 -253.953003 ) 
4 86 102 (608 -836.633972 387.097015 ) (640 -836.633972 387.097015 ) (640 -836.633972 640 ) (608 -836.633972 640 ) 
4 86 98 (640 -448 387.097015 ) (640 -836.633972 387.097015 ) (608 -836.633972 387.097015 ) (608 -448 387.097015 ) 
4 86 87 (608 -448 387.097015 ) (608 -836.633972 387.097015 ) (608 -836.633972 640 ) (608 -448 640 ) 
4 87 103 (0 0 640 ) (0 0 387.097015 ) (0 -836.633972 387.097015 ) (0 -836.633972 640 ) 
4 87 102 (0 -836.633972 640 ) (0 -836.633972 387.097015 ) (608 -836.633972 387.097015 ) (608 -836.633972 640 ) 
4 87 98 (608 -836.633972 387.097015 ) (441.319031 -836.633972 387.097015 ) (441.319031 -448 387.097015 ) (608 -448 387.097015 ) 
4 87 100 (377.319031 -836.633972 387.097015 ) (0 -836.633972 387.097015 ) (0 -448 387.097015 ) (377.319031 -448 387.097015 ) 
4 87 91 (0 -448 387.097015 ) (0 0 387.097015 ) (377.319031 0 387.097015 ) (377.319031 -448 387.097015 ) 
4 87 88 (441.319031 0 387.097015 ) (608 0 387.097015 ) (608 -448 387.097015 ) (441.319031 -448 387.097015 ) 
4 88 98 (608 -448 387.097015 ) (441.319031 -448 387.097015 ) (441.319031 -448 0 ) (608 -448 0 ) 
4 89 98 (640 -448 -252.903000 ) (640 -448 -64 ) (441.319031 -448 -64 ) (441.319031 -448 -252.903000 ) 
4 89 90 (640 -448 -252.903000 ) (441.319031 -448 -252.903000 ) (441.319031 0 -252.903000 ) (640 0 -252.903000 ) 
4 90 99 (377.319031 -448 -253.953003 ) (441.319031 -448 -253.953003 ) (441.319031 -448 -252.903000 ) (377.319031 -448 -252.903000 ) 
4 90 98 (441.319031 -448 -253.953003 ) (640 -448 -253.953003 ) (640 -448 -252.903000 ) (441.319031 -448 -252.903000 ) 
4 90 94 (377.319031 0 -253.953003 ) (377.319031 -448 -253.953003 ) (377.319031 -448 -252.903000 ) (377.319031 0 -252.903000 ) 
4 90 101 (377.319031 0 -253.953003 ) (640 0 -253.953003 ) (640 -448 -253.953003 ) (377.319031 -448 -253.953003 ) 
4 91 103 (0 0 387.097015 ) (0 0 386.046997 ) (0 -448 386.046997 ) (0 -448 387.097015 ) 
4 91 100 (377.319031 -448 386.046997 ) (377.319031 -448 387.097015 ) (0 -448 387.097015 ) (0 -448 386.046997 ) 
4 91 96 (0 0 386.046997 ) (96 0 386.046997 ) (96 -448 386.046997 ) (0 -448 386.046997 ) 
4 91 93 (160 -272.550995 386.046997 ) (160 -448 386.046997 ) (96 -448 386.046997 ) (96 -272.550995 386.046997 ) 
4 91 92 (160 0 386.046997 ) (377.319031 0 386.046997 ) (377.319031 -448 386.046997 ) (160 -448 386.046997 ) 
4 92 100 (377.319031 -448 0 ) (377.319031 -448 386.046997 ) (160 -448 386.046997 ) (160 -448 0 ) 
4 92 93 (160 -448 0 ) (160 -448 386.046997 ) (160 -272.550995 386.046997 ) (160 -272.550995 0 ) 
4 93 100 (160 -448 386.046997 ) (96 -448 386.046997 ) (96 -448 0 ) (160 -448 0 ) 
4 93 96 (96 -448 0 ) (96 -448 386.046997 ) (96 -272.550995 386.046997 ) (96 -272.550995 0 ) 
4 94 100 (160 -448 -253.953003 ) (377.319031 -448 -253.953003 ) (377.319031 -448 -64 ) (160 -448 -64 ) 
4 94 95 (160 -272.550995 -253.953003 ) (160 -448 -253.953003 ) (160 -448 -64 ) (160 -272.550995 -64 ) 
4 94 101 (160 0 -253.953003 ) (377.319031 0 -253.953003 ) (377.319031 -448 -253.953003 ) (160 -448 -253.953003 ) 
4 95 100 (96 -448 -253.953003 ) (160 -448 -253.953003 ) (160 -448 -64 ) (96 -448 -64 ) 
4 95 97 (96 -272.550995 -253.953003 ) (96 -448 -253.953003 ) (96 -448 -64 ) (96 -272.550995 -64 ) 
4 95 101 (160 -272.550995 -253.953003 ) (160 -448 -253.953003 ) (96 -448 -253.953003 ) (96 -272.550995 -253.953003 ) 
4 96 103 (0 0 386.046997 ) (0 0 0 ) (0 -448 0 ) (0 -448 386.046997 ) 
4 96 100 (96 -448 0 ) (96 -448 386.046997 ) (0 -448 386.046997 ) (0 -448 0 ) 
4 97 103 (0 0 -64 ) (0 0 -253.953003 ) (0 -448 -253.953003 ) (0 -448 -64 ) 
4 97 100 (0 -448 -253.953003 ) (96 -448 -253.953003 ) (96 -448 -64 ) (0 -448 -64 ) 
4 97 101 (0 -448 -253.953003 ) (0 0 -253.953003 ) (96 0 -253.953003 ) (96 -448 -253.953003 ) 
4 98 102 (441.319031 -836.633972 -253.953003 ) (640 -836.633972 -253.953003 ) (640 -836.633972 387.097015 ) (441.319031 -836.633972 387.097015 ) 
4 98 99 (441.319031 -448 -252.903000 ) (441.319031 -448 -253.953003 ) (441.319031 -836.633972 -253.953003 ) (441.319031 -836.633972 -252.903000 ) 
4 98 101 (640 -836.633972 -253.953003 ) (441.319031 -836.633972 -253.953003 ) (441.319031 -448 -253.953003 ) (640 -448 -253.953003 ) 
4 99 102 (377.319031 -836.633972 -253.953003 ) (441.319031 -836.633972 -253.953003 ) (441.319031 -836.633972 -252.903000 ) (377.319031 -836.633972 -252.903000 ) 
4 99 101 (441.319031 -836.633972 -253.953003 ) (377.319031 -836.633972 -253.953003 ) (377.319031 -448 -253.953003 ) (441.319031 -448 -253.953003 ) 
4 99 100 (377.319031 -448 -252.903000 ) (377.319031 -448 -253.953003 ) (377.319031 -836.633972 -253.953003 ) (377.319031 -836.633972 -252.903000 ) 
4 100 103 (0 -448 -253.953003 ) (0 -836.633972 -253.953003 ) (0 -836.633972 387.097015 ) (0 -448 387.097015 ) 
4 100 102 (0 -836.633972 387.097015 ) (0 -836.633972 -253.953003 ) (377.319031 -836.633972 -253.953003 ) (377.319031 -836.633972 387.097015 ) 
4 100 101 (377.319031 -836.633972 -253.953003 ) (0 -836.633972 -253.953003 ) (0 -448 -253.953003 ) (377.319031 -448 -253.953003 ) 
4 101 103 (0 0 -253.953003 ) (0 0 -407.500000 ) (0 -836.633972 -407.500000 ) (0 -836.633972 -253.953003 ) 
4 101 102 (0 -836.633972 -407.500000 ) (1024 -836.633972 -407.500000 ) (1024 -836.633972 -253.953003 ) (0 -836.633972 -253.953003 ) 
4 102 103 (0 -836.633972 -407.500000 ) (0 -847.320007 -407.500000 ) (0 -847.320007 663.500000 ) (0 -836.633972 663.500000 ) 
